c:\users\mi\source\repos\table tennis project\table tennis project\x64\debug\vc142.pdb
c:\users\mi\source\repos\table tennis project\table tennis project\x64\debug\vc142.idb
c:\users\mi\source\repos\table tennis project\table tennis project\x64\debug\glad.obj
c:\users\mi\source\repos\table tennis project\table tennis project\x64\debug\texture.obj
c:\users\mi\source\repos\table tennis project\table tennis project\x64\debug\spriterenderer.obj
c:\users\mi\source\repos\table tennis project\table tennis project\x64\debug\shader.obj
c:\users\mi\source\repos\table tennis project\table tennis project\x64\debug\project.obj
c:\users\mi\source\repos\table tennis project\table tennis project\x64\debug\object.obj
c:\users\mi\source\repos\table tennis project\table tennis project\x64\debug\main.obj
c:\users\mi\source\repos\table tennis project\table tennis project\x64\debug\coordinate.obj
c:\users\mi\source\repos\table tennis project\table tennis project\x64\debug\ball.obj
c:\users\mi\source\repos\table tennis project\x64\debug\table tennis project.exe
c:\users\mi\source\repos\table tennis project\x64\debug\table tennis project.ilk
c:\users\mi\source\repos\table tennis project\x64\debug\table tennis project.pdb
c:\users\mi\source\repos\table tennis project\table tennis project\x64\debug\table te.5f8e1aad.tlog\cl.command.1.tlog
c:\users\mi\source\repos\table tennis project\table tennis project\x64\debug\table te.5f8e1aad.tlog\cl.read.1.tlog
c:\users\mi\source\repos\table tennis project\table tennis project\x64\debug\table te.5f8e1aad.tlog\cl.write.1.tlog
c:\users\mi\source\repos\table tennis project\table tennis project\x64\debug\table te.5f8e1aad.tlog\link.command.1.tlog
c:\users\mi\source\repos\table tennis project\table tennis project\x64\debug\table te.5f8e1aad.tlog\link.read.1.tlog
c:\users\mi\source\repos\table tennis project\table tennis project\x64\debug\table te.5f8e1aad.tlog\link.write.1.tlog
